<?xml version="1.0" encoding="UTF-8"?>
<!-- Generated by org.testng.reporters.JUnitReportReporter -->
<testsuite skipped="0" hostname="DESKTOP-19NCAKV" name="test.HomePageTest" tests="1" failures="0" timestamp="2022-03-10T18:12:33 IST" time="10.277" errors="0">
  <testcase name="homepageTest" time="10.277" classname="test.HomePageTest"/>
  <system-out/>
</testsuite> <!-- test.HomePageTest -->
