<?xml version="1.0" encoding="UTF-8"?>
<!-- Generated by org.testng.reporters.JUnitReportReporter -->
<testsuite skipped="0" hostname="DESKTOP-19NCAKV" name="test.Validations" tests="1" failures="0" timestamp="2022-03-08T15:49:30 IST" time="0.524" errors="0">
  <testcase name="validations" time="0.524" classname="test.Validations"/>
  <system-out/>
</testsuite> <!-- test.Validations -->
